0 verbose cli /usr/bin/node /usr/bin/npm
1 info using npm@10.8.2
2 info using node@v20.19.4
3 silly config load:file:/usr/lib/node_modules/npm/npmrc
4 silly config load:file:/root/.npmrc
5 silly config load:file:/usr/etc/npmrc
6 verbose title npm install lucide-react
7 verbose argv "install" "lucide-react"
8 verbose logfile logs-max:10 dir:/root/.npm/_logs/2025-08-15T00_26_01_257Z-
9 verbose logfile /root/.npm/_logs/2025-08-15T00_26_01_257Z-debug-0.log
10 silly packumentCache heap:2197815296 maxSize:549453824 maxEntrySize:274726912
11 silly logfile start cleaning logs, removing 1 files
12 silly logfile done cleaning log files
13 silly idealTree buildDeps
14 silly fetch manifest lucide-react@^0.509.0
15 silly packumentCache full:https://registry.npmjs.org/lucide-react cache-miss
16 http fetch GET 200 https://registry.npmjs.org/lucide-react 349ms (cache revalidated)
17 silly packumentCache full:https://registry.npmjs.org/lucide-react set size:2067953 disposed:false
18 silly fetch manifest react@^19.0.0
19 silly packumentCache full:https://registry.npmjs.org/react cache-miss
20 http fetch GET 200 https://registry.npmjs.org/react 13ms (cache hit)
21 silly packumentCache full:https://registry.npmjs.org/react set size:5950287 disposed:false
22 silly placeDep ROOT lucide-react@0.509.0 REPLACE for: my-app@0.1.0 want: ^0.509.0
23 silly reify moves {}
24 verbose reify failed optional dependency /root/node_modules/@tailwindcss/oxide-wasm32-wasi
25 silly reify mark deleted [ '/root/node_modules/@tailwindcss/oxide-wasm32-wasi' ]
26 silly audit bulk request {
26 silly audit   '@alloc/quick-lru': [ '5.2.0' ],
26 silly audit   '@babel/runtime': [ '7.28.3' ],
26 silly audit   '@date-fns/tz': [ '1.4.1' ],
26 silly audit   '@emnapi/core': [ '1.4.5' ],
26 silly audit   '@emnapi/runtime': [ '1.4.5' ],
26 silly audit   '@emnapi/wasi-threads': [ '1.0.4' ],
26 silly audit   '@eslint-community/eslint-utils': [ '4.7.0' ],
26 silly audit   'eslint-visitor-keys': [ '3.4.3', '4.2.1' ],
26 silly audit   '@eslint-community/regexpp': [ '4.12.1' ],
26 silly audit   '@eslint/config-array': [ '0.21.0' ],
26 silly audit   '@eslint/config-helpers': [ '0.3.1' ],
26 silly audit   '@eslint/core': [ '0.15.2' ],
26 silly audit   '@eslint/eslintrc': [ '3.3.1' ],
26 silly audit   '@eslint/js': [ '9.33.0' ],
26 silly audit   '@eslint/object-schema': [ '2.1.6' ],
26 silly audit   '@eslint/plugin-kit': [ '0.3.5' ],
26 silly audit   '@floating-ui/core': [ '1.7.3' ],
26 silly audit   '@floating-ui/dom': [ '1.7.3' ],
26 silly audit   '@floating-ui/react-dom': [ '2.1.5' ],
26 silly audit   '@floating-ui/utils': [ '0.2.10' ],
26 silly audit   '@hookform/resolvers': [ '5.2.1' ],
26 silly audit   '@humanfs/core': [ '0.19.1' ],
26 silly audit   '@humanfs/node': [ '0.16.6' ],
26 silly audit   '@humanwhocodes/retry': [ '0.3.1', '0.4.3' ],
26 silly audit   '@humanwhocodes/module-importer': [ '1.0.1' ],
26 silly audit   '@img/sharp-darwin-arm64': [ '0.34.3' ],
26 silly audit   '@img/sharp-darwin-x64': [ '0.34.3' ],
26 silly audit   '@img/sharp-libvips-darwin-arm64': [ '1.2.0' ],
26 silly audit   '@img/sharp-libvips-darwin-x64': [ '1.2.0' ],
26 silly audit   '@img/sharp-libvips-linux-arm': [ '1.2.0' ],
26 silly audit   '@img/sharp-libvips-linux-arm64': [ '1.2.0' ],
26 silly audit   '@img/sharp-libvips-linux-ppc64': [ '1.2.0' ],
26 silly audit   '@img/sharp-libvips-linux-s390x': [ '1.2.0' ],
26 silly audit   '@img/sharp-libvips-linux-x64': [ '1.2.0' ],
26 silly audit   '@img/sharp-libvips-linuxmusl-arm64': [ '1.2.0' ],
26 silly audit   '@img/sharp-libvips-linuxmusl-x64': [ '1.2.0' ],
26 silly audit   '@img/sharp-linux-arm': [ '0.34.3' ],
26 silly audit   '@img/sharp-linux-arm64': [ '0.34.3' ],
26 silly audit   '@img/sharp-linux-ppc64': [ '0.34.3' ],
26 silly audit   '@img/sharp-linux-s390x': [ '0.34.3' ],
26 silly audit   '@img/sharp-linux-x64': [ '0.34.3' ],
26 silly audit   '@img/sharp-linuxmusl-arm64': [ '0.34.3' ],
26 silly audit   '@img/sharp-linuxmusl-x64': [ '0.34.3' ],
26 silly audit   '@img/sharp-wasm32': [ '0.34.3' ],
26 silly audit   '@img/sharp-win32-arm64': [ '0.34.3' ],
26 silly audit   '@img/sharp-win32-ia32': [ '0.34.3' ],
26 silly audit   '@img/sharp-win32-x64': [ '0.34.3' ],
26 silly audit   '@isaacs/fs-minipass': [ '4.0.1' ],
26 silly audit   '@jridgewell/gen-mapping': [ '0.3.13' ],
26 silly audit   '@jridgewell/remapping': [ '2.3.5' ],
26 silly audit   '@jridgewell/resolve-uri': [ '3.1.2' ],
26 silly audit   '@jridgewell/sourcemap-codec': [ '1.5.5' ],
26 silly audit   '@jridgewell/trace-mapping': [ '0.3.30' ],
26 silly audit   '@napi-rs/wasm-runtime': [ '0.2.12' ],
26 silly audit   '@next/env': [ '15.3.2' ],
26 silly audit   '@next/eslint-plugin-next': [ '15.3.2' ],
26 silly audit   '@next/swc-darwin-arm64': [ '15.3.2' ],
26 silly audit   '@next/swc-darwin-x64': [ '15.3.2' ],
26 silly audit   '@next/swc-linux-arm64-gnu': [ '15.3.2' ],
26 silly audit   '@next/swc-linux-arm64-musl': [ '15.3.2' ],
26 silly audit   '@next/swc-linux-x64-gnu': [ '15.3.2' ],
26 silly audit   '@next/swc-linux-x64-musl': [ '15.3.2' ],
26 silly audit   '@next/swc-win32-arm64-msvc': [ '15.3.2' ],
26 silly audit   '@next/swc-win32-x64-msvc': [ '15.3.2' ],
26 silly audit   '@nodelib/fs.scandir': [ '2.1.5' ],
26 silly audit   '@nodelib/fs.stat': [ '2.0.5' ],
26 silly audit   '@nodelib/fs.walk': [ '1.2.8' ],
26 silly audit   '@nolyfill/is-core-module': [ '1.0.39' ],
26 silly audit   '@radix-ui/number': [ '1.1.1' ],
26 silly audit   '@radix-ui/primitive': [ '1.1.3' ],
26 silly audit   '@radix-ui/react-accordion': [ '1.2.12' ],
26 silly audit   '@radix-ui/react-alert-dialog': [ '1.1.15' ],
26 silly audit   '@radix-ui/react-arrow': [ '1.1.7' ],
26 silly audit   '@radix-ui/react-aspect-ratio': [ '1.1.7' ],
26 silly audit   '@radix-ui/react-avatar': [ '1.1.10' ],
26 silly audit   '@radix-ui/react-checkbox': [ '1.3.3' ],
26 silly audit   '@radix-ui/react-collapsible': [ '1.1.12' ],
26 silly audit   '@radix-ui/react-collection': [ '1.1.7' ],
26 silly audit   '@radix-ui/react-compose-refs': [ '1.1.2' ],
26 silly audit   '@radix-ui/react-context': [ '1.1.2' ],
26 silly audit   '@radix-ui/react-context-menu': [ '2.2.16' ],
26 silly audit   '@radix-ui/react-dialog': [ '1.1.15' ],
26 silly audit   '@radix-ui/react-direction': [ '1.1.1' ],
26 silly audit   '@radix-ui/react-dismissable-layer': [ '1.1.11' ],
26 silly audit   '@radix-ui/react-dropdown-menu': [ '2.1.16' ],
26 silly audit   '@radix-ui/react-focus-guards': [ '1.1.3' ],
26 silly audit   '@radix-ui/react-focus-scope': [ '1.1.7' ],
26 silly audit   '@radix-ui/react-hover-card': [ '1.1.15' ],
26 silly audit   '@radix-ui/react-id': [ '1.1.1' ],
26 silly audit   '@radix-ui/react-label': [ '2.1.7' ],
26 silly audit   '@radix-ui/react-menu': [ '2.1.16' ],
26 silly audit   '@radix-ui/react-menubar': [ '1.1.16' ],
26 silly audit   '@radix-ui/react-navigation-menu': [ '1.2.14' ],
26 silly audit   '@radix-ui/react-popover': [ '1.1.15' ],
26 silly audit   '@radix-ui/react-popper': [ '1.2.8' ],
26 silly audit   '@radix-ui/react-portal': [ '1.1.9' ],
26 silly audit   '@radix-ui/react-presence': [ '1.1.5' ],
26 silly audit   '@radix-ui/react-primitive': [ '2.1.3' ],
26 silly audit   '@radix-ui/react-progress': [ '1.1.7' ],
26 silly audit   '@radix-ui/react-radio-group': [ '1.3.8' ],
26 silly audit   '@radix-ui/react-roving-focus': [ '1.1.11' ],
26 silly audit   '@radix-ui/react-scroll-area': [ '1.2.10' ],
26 silly audit   '@radix-ui/react-select': [ '2.2.6' ],
26 silly audit   '@radix-ui/react-separator': [ '1.1.7' ],
26 silly audit   '@radix-ui/react-slider': [ '1.3.6' ],
26 silly audit   '@radix-ui/react-slot': [ '1.2.3' ],
26 silly audit   '@radix-ui/react-switch': [ '1.2.6' ],
26 silly audit   '@radix-ui/react-tabs': [ '1.1.13' ],
26 silly audit   '@radix-ui/react-toggle': [ '1.1.10' ],
26 silly audit   '@radix-ui/react-toggle-group': [ '1.1.11' ],
26 silly audit   '@radix-ui/react-tooltip': [ '1.2.8' ],
26 silly audit   '@radix-ui/react-use-callback-ref': [ '1.1.1' ],
26 silly audit   '@radix-ui/react-use-controllable-state': [ '1.2.2' ],
26 silly audit   '@radix-ui/react-use-effect-event': [ '0.0.2' ],
26 silly audit   '@radix-ui/react-use-escape-keydown': [ '1.1.1' ],
26 silly audit   '@radix-ui/react-use-is-hydrated': [ '0.1.0' ],
26 silly audit   '@radix-ui/react-use-layout-effect': [ '1.1.1' ],
26 silly audit   '@radix-ui/react-use-previous': [ '1.1.1' ],
26 silly audit   '@radix-ui/react-use-rect': [ '1.1.1' ],
26 silly audit   '@radix-ui/react-use-size': [ '1.1.1' ],
26 silly audit   '@radix-ui/react-visually-hidden': [ '1.2.3' ],
26 silly audit   '@radix-ui/rect': [ '1.1.1' ],
26 silly audit   '@rtsao/scc': [ '1.1.0' ],
26 silly audit   '@rushstack/eslint-patch': [ '1.12.0' ],
26 silly audit   '@standard-schema/utils': [ '0.3.0' ],
26 silly audit   '@swc/counter': [ '0.1.3' ],
26 silly audit   '@swc/helpers': [ '0.5.15' ],
26 silly audit   '@tailwindcss/node': [ '4.1.12' ],
26 silly audit   '@tailwindcss/oxide': [ '4.1.12' ],
26 silly audit   '@tailwindcss/oxide-android-arm64': [ '4.1.12' ],
26 silly audit   '@tailwindcss/oxide-darwin-arm64': [ '4.1.12' ],
26 silly audit   '@tailwindcss/oxide-darwin-x64': [ '4.1.12' ],
26 silly audit   '@tailwindcss/oxide-freebsd-x64': [ '4.1.12' ],
26 silly audit   '@tailwindcss/oxide-linux-arm-gnueabihf': [ '4.1.12' ],
26 silly audit   '@tailwindcss/oxide-linux-arm64-gnu': [ '4.1.12' ],
26 silly audit   '@tailwindcss/oxide-linux-arm64-musl': [ '4.1.12' ],
26 silly audit   '@tailwindcss/oxide-linux-x64-gnu': [ '4.1.12' ],
26 silly audit   '@tailwindcss/oxide-linux-x64-musl': [ '4.1.12' ],
26 silly audit   '@tailwindcss/oxide-win32-arm64-msvc': [ '4.1.12' ],
26 silly audit   '@tailwindcss/oxide-win32-x64-msvc': [ '4.1.12' ],
26 silly audit   '@tailwindcss/postcss': [ '4.1.12' ],
26 silly audit   '@tybys/wasm-util': [ '0.10.0' ],
26 silly audit   '@types/d3-array': [ '3.2.1' ],
26 silly audit   '@types/d3-color': [ '3.1.3' ],
26 silly audit   '@types/d3-ease': [ '3.0.2' ],
26 silly audit   '@types/d3-interpolate': [ '3.0.4' ],
26 silly audit   '@types/d3-path': [ '3.1.1' ],
26 silly audit   '@types/d3-scale': [ '4.0.9' ],
26 silly audit   '@types/d3-shape': [ '3.1.7' ],
26 silly audit   '@types/d3-time': [ '3.0.4' ],
26 silly audit   '@types/d3-timer': [ '3.0.2' ],
26 silly audit   '@types/estree': [ '1.0.8' ],
26 silly audit   '@types/json-schema': [ '7.0.15' ],
26 silly audit   '@types/json5': [ '0.0.29' ],
26 silly audit   '@types/node': [ '20.19.10' ],
26 silly audit   '@types/react': [ '19.1.10' ],
26 silly audit   '@types/react-dom': [ '19.1.7' ],
26 silly audit   '@typescript-eslint/eslint-plugin': [ '8.39.1' ],
26 silly audit   ignore: [ '7.0.5', '5.3.2' ],
26 silly audit   '@typescript-eslint/parser': [ '8.39.1' ],
26 silly audit   '@typescript-eslint/project-service': [ '8.39.1' ],
26 silly audit   '@typescript-eslint/scope-manager': [ '8.39.1' ],
26 silly audit   '@typescript-eslint/tsconfig-utils': [ '8.39.1' ],
26 silly audit   '@typescript-eslint/type-utils': [ '8.39.1' ],
26 silly audit   '@typescript-eslint/types': [ '8.39.1' ],
26 silly audit   '@typescript-eslint/typescript-estree': [ '8.39.1' ],
26 silly audit   'brace-expansion': [ '2.0.2', '1.1.12' ],
26 silly audit   'fast-glob': [ '3.3.3', '3.3.1' ],
26 silly audit   'glob-parent': [ '5.1.2', '6.0.2' ],
26 silly audit   minimatch: [ '9.0.5', '3.1.2' ],
26 silly audit   '@typescript-eslint/utils': [ '8.39.1' ],
26 silly audit   '@typescript-eslint/visitor-keys': [ '8.39.1' ],
26 silly audit   '@unrs/resolver-binding-android-arm-eabi': [ '1.11.1' ],
26 silly audit   '@unrs/resolver-binding-android-arm64': [ '1.11.1' ],
26 silly audit   '@unrs/resolver-binding-darwin-arm64': [ '1.11.1' ],
26 silly audit   '@unrs/resolver-binding-darwin-x64': [ '1.11.1' ],
26 silly audit   '@unrs/resolver-binding-freebsd-x64': [ '1.11.1' ],
26 silly audit   '@unrs/resolver-binding-linux-arm-gnueabihf': [ '1.11.1' ],
26 silly audit   '@unrs/resolver-binding-linux-arm-musleabihf': [ '1.11.1' ],
26 silly audit   '@unrs/resolver-binding-linux-arm64-gnu': [ '1.11.1' ],
26 silly audit   '@unrs/resolver-binding-linux-arm64-musl': [ '1.11.1' ],
26 silly audit   '@unrs/resolver-binding-linux-ppc64-gnu': [ '1.11.1' ],
26 silly audit   '@unrs/resolver-binding-linux-riscv64-gnu': [ '1.11.1' ],
26 silly audit   '@unrs/resolver-binding-linux-riscv64-musl': [ '1.11.1' ],
26 silly audit   '@unrs/resolver-binding-linux-s390x-gnu': [ '1.11.1' ],
26 silly audit   '@unrs/resolver-binding-linux-x64-gnu': [ '1.11.1' ],
26 silly audit   '@unrs/resolver-binding-linux-x64-musl': [ '1.11.1' ],
26 silly audit   '@unrs/resolver-binding-wasm32-wasi': [ '1.11.1' ],
26 silly audit   '@unrs/resolver-binding-win32-arm64-msvc': [ '1.11.1' ],
26 silly audit   '@unrs/resolver-binding-win32-ia32-msvc': [ '1.11.1' ],
26 silly audit   '@unrs/resolver-binding-win32-x64-msvc': [ '1.11.1' ],
26 silly audit   acorn: [ '8.15.0' ],
26 silly audit   'acorn-jsx': [ '5.3.2' ],
26 silly audit   ajv: [ '6.12.6' ],
26 silly audit   'ansi-styles': [ '4.3.0' ],
26 silly audit   argparse: [ '2.0.1' ],
26 silly audit   'aria-hidden': [ '1.2.6' ],
26 silly audit   'aria-query': [ '5.3.2' ],
26 silly audit   'array-buffer-byte-length': [ '1.0.2' ],
26 silly audit   'array-includes': [ '3.1.9' ],
26 silly audit   'array.prototype.findlast': [ '1.2.5' ],
26 silly audit   'array.prototype.findlastindex': [ '1.2.6' ],
26 silly audit   'array.prototype.flat': [ '1.3.3' ],
26 silly audit   'array.prototype.flatmap': [ '1.3.3' ],
26 silly audit   'array.prototype.tosorted': [ '1.1.4' ],
26 silly audit   'arraybuffer.prototype.slice': [ '1.0.4' ],
26 silly audit   'ast-types-flow': [ '0.0.8' ],
26 silly audit   'async-function': [ '1.0.0' ],
26 silly audit   autoprefixer: [ '10.4.21' ],
26 silly audit   'available-typed-arrays': [ '1.0.7' ],
26 silly audit   'aws-ssl-profiles': [ '1.1.2' ],
26 silly audit   'axe-core': [ '4.10.3' ],
26 silly audit   'axobject-query': [ '4.1.0' ],
26 silly audit   'balanced-match': [ '1.0.2' ],
26 silly audit   braces: [ '3.0.3' ],
26 silly audit   browserslist: [ '4.25.2' ],
26 silly audit   busboy: [ '1.6.0' ],
26 silly audit   'call-bind': [ '1.0.8' ],
26 silly audit   'call-bind-apply-helpers': [ '1.0.2' ],
26 silly audit   'call-bound': [ '1.0.4' ],
26 silly audit   callsites: [ '3.1.0' ],
26 silly audit   'caniuse-lite': [ '1.0.30001735' ],
26 silly audit   chalk: [ '4.1.2' ],
26 silly audit   chownr: [ '3.0.0' ],
26 silly audit   'class-variance-authority': [ '0.7.1' ],
26 silly audit   'client-only': [ '0.0.1' ],
26 silly audit   clsx: [ '2.1.1' ],
26 silly audit   cmdk: [ '1.1.1' ],
26 silly audit   color: [ '4.2.3' ],
26 silly audit   'color-convert': [ '2.0.1' ],
26 silly audit   'color-name': [ '1.1.4' ],
26 silly audit   'color-string': [ '1.9.1' ],
26 silly audit   'concat-map': [ '0.0.1' ],
26 silly audit   'cross-spawn': [ '7.0.6' ],
26 silly audit   csstype: [ '3.1.3' ],
26 silly audit   'd3-array': [ '3.2.4' ],
26 silly audit   'd3-color': [ '3.1.0' ],
26 silly audit   'd3-ease': [ '3.0.1' ],
26 silly audit   'd3-format': [ '3.1.0' ],
26 silly audit   'd3-interpolate': [ '3.0.1' ],
26 silly audit   'd3-path': [ '3.1.0' ],
26 silly audit   'd3-scale': [ '4.0.2' ],
26 silly audit   'd3-shape': [ '3.2.0' ],
26 silly audit   'd3-time': [ '3.1.0' ],
26 silly audit   'd3-time-format': [ '4.1.0' ],
26 silly audit   'd3-timer': [ '3.0.1' ],
26 silly audit   'damerau-levenshtein': [ '1.0.8' ],
26 silly audit   'data-view-buffer': [ '1.0.2' ],
26 silly audit   'data-view-byte-length': [ '1.0.2' ],
26 silly audit   'data-view-byte-offset': [ '1.0.1' ],
26 silly audit   'date-fns': [ '3.6.0', '4.1.0' ],
26 silly audit   'date-fns-jalali': [ '4.1.0-0' ],
26 silly audit   debug: [ '4.4.1', '3.2.7' ],
26 silly audit   'decimal.js-light': [ '2.5.1' ],
26 silly audit   'deep-is': [ '0.1.4' ],
26 silly audit   'define-data-property': [ '1.1.4' ],
26 silly audit   'define-properties': [ '1.2.1' ],
26 silly audit   denque: [ '2.1.0' ],
26 silly audit   'detect-libc': [ '2.0.4' ],
26 silly audit   'detect-node-es': [ '1.1.0' ],
26 silly audit   doctrine: [ '2.1.0' ],
26 silly audit   'dom-helpers': [ '5.2.1' ],
26 silly audit   'dunder-proto': [ '1.0.1' ],
26 silly audit   'electron-to-chromium': [ '1.5.201' ],
26 silly audit   'embla-carousel': [ '8.6.0' ],
26 silly audit   'embla-carousel-react': [ '8.6.0' ],
26 silly audit   'embla-carousel-reactive-utils': [ '8.6.0' ],
26 silly audit   'emoji-regex': [ '9.2.2' ],
26 silly audit   'enhanced-resolve': [ '5.18.3' ],
26 silly audit   'es-abstract': [ '1.24.0' ],
26 silly audit   'es-define-property': [ '1.0.1' ],
26 silly audit   'es-errors': [ '1.3.0' ],
26 silly audit   'es-iterator-helpers': [ '1.2.1' ],
26 silly audit   'es-object-atoms': [ '1.1.1' ],
26 silly audit   'es-set-tostringtag': [ '2.1.0' ],
26 silly audit   'es-shim-unscopables': [ '1.1.0' ],
26 silly audit   'es-to-primitive': [ '1.3.0' ],
26 silly audit   escalade: [ '3.2.0' ],
26 silly audit   'escape-string-regexp': [ '4.0.0' ],
26 silly audit   eslint: [ '9.33.0' ],
26 silly audit   'eslint-config-next': [ '15.3.2' ],
26 silly audit   'eslint-import-resolver-node': [ '0.3.9' ],
26 silly audit   'eslint-import-resolver-typescript': [ '3.10.1' ],
26 silly audit   'eslint-module-utils': [ '2.12.1' ],
26 silly audit   'eslint-plugin-import': [ '2.32.0' ],
26 silly audit   semver: [ '6.3.1', '7.7.2' ],
26 silly audit   'eslint-plugin-jsx-a11y': [ '6.10.2' ],
26 silly audit   'eslint-plugin-react': [ '7.37.5' ],
26 silly audit   'eslint-plugin-react-hooks': [ '5.2.0' ],
26 silly audit   resolve: [ '2.0.0-next.5', '1.22.10' ],
26 silly audit   'eslint-scope': [ '8.4.0' ],
26 silly audit   espree: [ '10.4.0' ],
26 silly audit   esquery: [ '1.6.0' ],
26 silly audit   esrecurse: [ '4.3.0' ],
26 silly audit   estraverse: [ '5.3.0' ],
26 silly audit   esutils: [ '2.0.3' ],
26 silly audit   eventemitter3: [ '4.0.7' ],
26 silly audit   'fast-deep-equal': [ '3.1.3' ],
26 silly audit   'fast-equals': [ '5.2.2' ],
26 silly audit   'fast-json-stable-stringify': [ '2.1.0' ],
26 silly audit   'fast-levenshtein': [ '2.0.6' ],
26 silly audit   fastq: [ '1.19.1' ],
26 silly audit   'file-entry-cache': [ '8.0.0' ],
26 silly audit   'fill-range': [ '7.1.1' ],
26 silly audit   'find-up': [ '5.0.0' ],
26 silly audit   'flat-cache': [ '4.0.1' ],
26 silly audit   flatted: [ '3.3.3' ],
26 silly audit   'for-each': [ '0.3.5' ],
26 silly audit   'fraction.js': [ '4.3.7' ],
26 silly audit   'function-bind': [ '1.1.2' ],
26 silly audit   'function.prototype.name': [ '1.1.8' ],
26 silly audit   'functions-have-names': [ '1.2.3' ],
26 silly audit   'generate-function': [ '2.3.1' ],
26 silly audit   'get-intrinsic': [ '1.3.0' ],
26 silly audit   'get-nonce': [ '1.0.1' ],
26 silly audit   'get-proto': [ '1.0.1' ],
26 silly audit   'get-symbol-description': [ '1.1.0' ],
26 silly audit   'get-tsconfig': [ '4.10.1' ],
26 silly audit   globals: [ '14.0.0' ],
26 silly audit   globalthis: [ '1.0.4' ],
26 silly audit   gopd: [ '1.2.0' ],
26 silly audit   'graceful-fs': [ '4.2.11' ],
26 silly audit   graphemer: [ '1.4.0' ],
26 silly audit   'has-bigints': [ '1.1.0' ],
26 silly audit   'has-flag': [ '4.0.0' ],
26 silly audit   'has-property-descriptors': [ '1.0.2' ],
26 silly audit   'has-proto': [ '1.2.0' ],
26 silly audit   'has-symbols': [ '1.1.0' ],
26 silly audit   'has-tostringtag': [ '1.0.2' ],
26 silly audit   hasown: [ '2.0.2' ],
26 silly audit   'iconv-lite': [ '0.6.3' ],
26 silly audit   'import-fresh': [ '3.3.1' ],
26 silly audit   imurmurhash: [ '0.1.4' ],
26 silly audit   'input-otp': [ '1.4.2' ],
26 silly audit   'internal-slot': [ '1.1.0' ],
26 silly audit   internmap: [ '2.0.3' ],
26 silly audit   'is-array-buffer': [ '3.0.5' ],
26 silly audit   'is-arrayish': [ '0.3.2' ],
26 silly audit   'is-async-function': [ '2.1.1' ],
26 silly audit   'is-bigint': [ '1.1.0' ],
26 silly audit   'is-boolean-object': [ '1.2.2' ],
26 silly audit   'is-bun-module': [ '2.0.0' ],
26 silly audit   'is-callable': [ '1.2.7' ],
26 silly audit   'is-core-module': [ '2.16.1' ],
26 silly audit   'is-data-view': [ '1.0.2' ],
26 silly audit   'is-date-object': [ '1.1.0' ],
26 silly audit   'is-extglob': [ '2.1.1' ],
26 silly audit   'is-finalizationregistry': [ '1.1.1' ],
26 silly audit   'is-generator-function': [ '1.1.0' ],
26 silly audit   'is-glob': [ '4.0.3' ],
26 silly audit   'is-map': [ '2.0.3' ],
26 silly audit   'is-negative-zero': [ '2.0.3' ],
26 silly audit   'is-number': [ '7.0.0' ],
26 silly audit   'is-number-object': [ '1.1.1' ],
26 silly audit   'is-property': [ '1.0.2' ],
26 silly audit   'is-regex': [ '1.2.1' ],
26 silly audit   'is-set': [ '2.0.3' ],
26 silly audit   'is-shared-array-buffer': [ '1.0.4' ],
26 silly audit   'is-string': [ '1.1.1' ],
26 silly audit   'is-symbol': [ '1.1.1' ],
26 silly audit   'is-typed-array': [ '1.1.15' ],
26 silly audit   'is-weakmap': [ '2.0.2' ],
26 silly audit   'is-weakref': [ '1.1.1' ],
26 silly audit   'is-weakset': [ '2.0.4' ],
26 silly audit   isarray: [ '2.0.5' ],
26 silly audit   isexe: [ '2.0.0' ],
26 silly audit   'iterator.prototype': [ '1.1.5' ],
26 silly audit   jiti: [ '2.5.1' ],
26 silly audit   'js-tokens': [ '4.0.0' ],
26 silly audit   'js-yaml': [ '4.1.0' ],
26 silly audit   'json-buffer': [ '3.0.1' ],
26 silly audit   'json-schema-traverse': [ '0.4.1' ],
26 silly audit   'json-stable-stringify-without-jsonify': [ '1.0.1' ],
26 silly audit   json5: [ '1.0.2' ],
26 silly audit   'jsx-ast-utils': [ '3.3.5' ],
26 silly audit   keyv: [ '4.5.4' ],
26 silly audit   'language-subtag-registry': [ '0.3.23' ],
26 silly audit   'language-tags': [ '1.0.9' ],
26 silly audit   levn: [ '0.4.1' ],
26 silly audit   lightningcss: [ '1.30.1' ],
26 silly audit   'lightningcss-darwin-arm64': [ '1.30.1' ],
26 silly audit   'lightningcss-darwin-x64': [ '1.30.1' ],
26 silly audit   'lightningcss-freebsd-x64': [ '1.30.1' ],
26 silly audit   'lightningcss-linux-arm-gnueabihf': [ '1.30.1' ],
26 silly audit   'lightningcss-linux-arm64-gnu': [ '1.30.1' ],
26 silly audit   'lightningcss-linux-arm64-musl': [ '1.30.1' ],
26 silly audit   'lightningcss-linux-x64-gnu': [ '1.30.1' ],
26 silly audit   'lightningcss-linux-x64-musl': [ '1.30.1' ],
26 silly audit   'lightningcss-win32-arm64-msvc': [ '1.30.1' ],
26 silly audit   'lightningcss-win32-x64-msvc': [ '1.30.1' ],
26 silly audit   'locate-path': [ '6.0.0' ],
26 silly audit   lodash: [ '4.17.21' ],
26 silly audit   'lodash.merge': [ '4.6.2' ],
26 silly audit   long: [ '5.3.2' ],
26 silly audit   'loose-envify': [ '1.4.0' ],
26 silly audit   'lru-cache': [ '7.18.3' ],
26 silly audit   'lru.min': [ '1.1.2' ],
26 silly audit   'magic-string': [ '0.30.17' ],
26 silly audit   'math-intrinsics': [ '1.1.0' ],
26 silly audit   merge2: [ '1.4.1' ],
26 silly audit   micromatch: [ '4.0.8' ],
26 silly audit   minimist: [ '1.2.8' ],
26 silly audit   minipass: [ '7.1.2' ],
26 silly audit   minizlib: [ '3.0.2' ],
26 silly audit   mkdirp: [ '3.0.1' ],
26 silly audit   ms: [ '2.1.3' ],
26 silly audit   mysql2: [ '3.14.3' ],
26 silly audit   'named-placeholders': [ '1.1.3' ],
26 silly audit   nanoid: [ '3.3.11' ],
26 silly audit   'napi-postinstall': [ '0.3.3' ],
26 silly audit   'natural-compare': [ '1.4.0' ],
26 silly audit   next: [ '15.3.2' ],
26 silly audit   'next-themes': [ '0.4.6' ],
26 silly audit   postcss: [ '8.4.31', '8.5.6' ],
26 silly audit   'node-releases': [ '2.0.19' ],
26 silly audit   'normalize-range': [ '0.1.2' ],
26 silly audit   'object-assign': [ '4.1.1' ],
26 silly audit   'object-inspect': [ '1.13.4' ],
26 silly audit   'object-keys': [ '1.1.1' ],
26 silly audit   'object.assign': [ '4.1.7' ],
26 silly audit   'object.entries': [ '1.1.9' ],
26 silly audit   'object.fromentries': [ '2.0.8' ],
26 silly audit   'object.groupby': [ '1.0.3' ],
26 silly audit   'object.values': [ '1.2.1' ],
26 silly audit   optionator: [ '0.9.4' ],
26 silly audit   'own-keys': [ '1.0.1' ],
26 silly audit   'p-limit': [ '3.1.0' ],
26 silly audit   'p-locate': [ '5.0.0' ],
26 silly audit   'parent-module': [ '1.0.1' ],
26 silly audit   'path-exists': [ '4.0.0' ],
26 silly audit   'path-key': [ '3.1.1' ],
26 silly audit   'path-parse': [ '1.0.7' ],
26 silly audit   picocolors: [ '1.1.1' ],
26 silly audit   picomatch: [ '2.3.1', '4.0.3' ],
26 silly audit   'possible-typed-array-names': [ '1.1.0' ],
26 silly audit   'postcss-value-parser': [ '4.2.0' ],
26 silly audit   'prelude-ls': [ '1.2.1' ],
26 silly audit   'prop-types': [ '15.8.1' ],
26 silly audit   punycode: [ '2.3.1' ],
26 silly audit   'queue-microtask': [ '1.2.3' ],
26 silly audit   react: [ '19.1.1' ],
26 silly audit   'react-day-picker': [ '9.8.1' ],
26 silly audit   'react-dom': [ '19.1.1' ],
26 silly audit   'react-hook-form': [ '7.62.0' ],
26 silly audit   'react-is': [ '16.13.1', '18.3.1' ],
26 silly audit   'react-remove-scroll': [ '2.7.1' ],
26 silly audit   'react-remove-scroll-bar': [ '2.3.8' ],
26 silly audit   'react-resizable-panels': [ '3.0.4' ],
26 silly audit   'react-smooth': [ '4.0.4' ],
26 silly audit   'react-style-singleton': [ '2.2.3' ],
26 silly audit   'react-transition-group': [ '4.4.5' ],
26 silly audit   recharts: [ '2.15.4' ],
26 silly audit   'recharts-scale': [ '0.4.5' ],
26 silly audit   'reflect.getprototypeof': [ '1.0.10' ],
26 silly audit   'regexp.prototype.flags': [ '1.5.4' ],
26 silly audit   'resolve-from': [ '4.0.0' ],
26 silly audit   'resolve-pkg-maps': [ '1.0.0' ],
26 silly audit   reusify: [ '1.1.0' ],
26 silly audit   'run-parallel': [ '1.2.0' ],
26 silly audit   'safe-array-concat': [ '1.1.3' ],
26 silly audit   'safe-push-apply': [ '1.0.0' ],
26 silly audit   'safe-regex-test': [ '1.1.0' ],
26 silly audit   'safer-buffer': [ '2.1.2' ],
26 silly audit   scheduler: [ '0.26.0' ],
26 silly audit   'seq-queue': [ '0.0.5' ],
26 silly audit   'set-function-length': [ '1.2.2' ],
26 silly audit   'set-function-name': [ '2.0.2' ],
26 silly audit   'set-proto': [ '1.0.0' ],
26 silly audit   sharp: [ '0.34.3' ],
26 silly audit   'shebang-command': [ '2.0.0' ],
26 silly audit   'shebang-regex': [ '3.0.0' ],
26 silly audit   'side-channel': [ '1.1.0' ],
26 silly audit   'side-channel-list': [ '1.0.0' ],
26 silly audit   'side-channel-map': [ '1.0.1' ],
26 silly audit   'side-channel-weakmap': [ '1.0.2' ],
26 silly audit   'simple-swizzle': [ '0.2.2' ],
26 silly audit   sonner: [ '2.0.7' ],
26 silly audit   'source-map-js': [ '1.2.1' ],
26 silly audit   sqlstring: [ '2.3.3' ],
26 silly audit   'stable-hash': [ '0.0.5' ],
26 silly audit   'stop-iteration-iterator': [ '1.1.0' ],
26 silly audit   streamsearch: [ '1.1.0' ],
26 silly audit   'string.prototype.includes': [ '2.0.1' ],
26 silly audit   'string.prototype.matchall': [ '4.0.12' ],
26 silly audit   'string.prototype.repeat': [ '1.0.0' ],
26 silly audit   'string.prototype.trim': [ '1.2.10' ],
26 silly audit   'string.prototype.trimend': [ '1.0.9' ],
26 silly audit   'string.prototype.trimstart': [ '1.0.8' ],
26 silly audit   'strip-bom': [ '3.0.0' ],
26 silly audit   'strip-json-comments': [ '3.1.1' ],
26 silly audit   'styled-jsx': [ '5.1.6' ],
26 silly audit   'supports-color': [ '7.2.0' ],
26 silly audit   'supports-preserve-symlinks-flag': [ '1.0.0' ],
26 silly audit   'tailwind-merge': [ '3.3.1' ],
26 silly audit   tailwindcss: [ '4.1.12' ],
26 silly audit   tapable: [ '2.2.2' ],
26 silly audit   tar: [ '7.4.3' ],
26 silly audit   'tiny-invariant': [ '1.3.3' ],
26 silly audit   tinyglobby: [ '0.2.14' ],
26 silly audit   fdir: [ '6.5.0' ],
26 silly audit   'to-regex-range': [ '5.0.1' ],
26 silly audit   'ts-api-utils': [ '2.1.0' ],
26 silly audit   'tsconfig-paths': [ '3.15.0' ],
26 silly audit   tslib: [ '2.8.1' ],
26 silly audit   'tw-animate-css': [ '1.3.6' ],
26 silly audit   'type-check': [ '0.4.0' ],
26 silly audit   'typed-array-buffer': [ '1.0.3' ],
26 silly audit   'typed-array-byte-length': [ '1.0.3' ],
26 silly audit   'typed-array-byte-offset': [ '1.0.4' ],
26 silly audit   'typed-array-length': [ '1.0.7' ],
26 silly audit   typescript: [ '5.9.2' ],
26 silly audit   'unbox-primitive': [ '1.1.0' ],
26 silly audit   'undici-types': [ '6.21.0' ],
26 silly audit   'unrs-resolver': [ '1.11.1' ],
26 silly audit   'update-browserslist-db': [ '1.1.3' ],
26 silly audit   'uri-js': [ '4.4.1' ],
26 silly audit   'use-callback-ref': [ '1.3.3' ],
26 silly audit   'use-sidecar': [ '1.1.3' ],
26 silly audit   'use-sync-external-store': [ '1.5.0' ],
26 silly audit   vaul: [ '1.1.2' ],
26 silly audit   'victory-vendor': [ '36.9.2' ],
26 silly audit   which: [ '2.0.2' ],
26 silly audit   'which-boxed-primitive': [ '1.1.1' ],
26 silly audit   'which-builtin-type': [ '1.2.1' ],
26 silly audit   'which-collection': [ '1.0.2' ],
26 silly audit   'which-typed-array': [ '1.1.19' ],
26 silly audit   'word-wrap': [ '1.2.5' ],
26 silly audit   yallist: [ '5.0.0' ],
26 silly audit   'yocto-queue': [ '0.1.0' ],
26 silly audit   zod: [ '3.25.76' ],
26 silly audit   'lucide-react': [ '0.509.0' ],
26 silly audit   '@tailwindcss/oxide-wasm32-wasi': [ '4.1.12' ]
26 silly audit }
27 verbose reify failed optional dependency /root/node_modules/lightningcss-win32-x64-msvc
28 silly reify mark deleted [ '/root/node_modules/lightningcss-win32-x64-msvc' ]
29 verbose reify failed optional dependency /root/node_modules/lightningcss-win32-arm64-msvc
30 silly reify mark deleted [ '/root/node_modules/lightningcss-win32-arm64-msvc' ]
31 verbose reify failed optional dependency /root/node_modules/lightningcss-linux-arm64-musl
32 silly reify mark deleted [ '/root/node_modules/lightningcss-linux-arm64-musl' ]
33 verbose reify failed optional dependency /root/node_modules/lightningcss-linux-arm64-gnu
34 silly reify mark deleted [ '/root/node_modules/lightningcss-linux-arm64-gnu' ]
35 verbose reify failed optional dependency /root/node_modules/lightningcss-linux-arm-gnueabihf
36 silly reify mark deleted [ '/root/node_modules/lightningcss-linux-arm-gnueabihf' ]
37 verbose reify failed optional dependency /root/node_modules/lightningcss-freebsd-x64
38 silly reify mark deleted [ '/root/node_modules/lightningcss-freebsd-x64' ]
39 verbose reify failed optional dependency /root/node_modules/lightningcss-darwin-x64
40 silly reify mark deleted [ '/root/node_modules/lightningcss-darwin-x64' ]
41 verbose reify failed optional dependency /root/node_modules/lightningcss-darwin-arm64
42 silly reify mark deleted [ '/root/node_modules/lightningcss-darwin-arm64' ]
43 verbose reify failed optional dependency /root/node_modules/@unrs/resolver-binding-win32-x64-msvc
44 silly reify mark deleted [ '/root/node_modules/@unrs/resolver-binding-win32-x64-msvc' ]
45 verbose reify failed optional dependency /root/node_modules/@unrs/resolver-binding-win32-ia32-msvc
46 silly reify mark deleted [ '/root/node_modules/@unrs/resolver-binding-win32-ia32-msvc' ]
47 verbose reify failed optional dependency /root/node_modules/@unrs/resolver-binding-win32-arm64-msvc
48 silly reify mark deleted [ '/root/node_modules/@unrs/resolver-binding-win32-arm64-msvc' ]
49 verbose reify failed optional dependency /root/node_modules/@unrs/resolver-binding-wasm32-wasi
50 silly reify mark deleted [ '/root/node_modules/@unrs/resolver-binding-wasm32-wasi' ]
51 verbose reify failed optional dependency /root/node_modules/@unrs/resolver-binding-linux-s390x-gnu
52 silly reify mark deleted [ '/root/node_modules/@unrs/resolver-binding-linux-s390x-gnu' ]
53 verbose reify failed optional dependency /root/node_modules/@unrs/resolver-binding-linux-riscv64-musl
54 silly reify mark deleted [ '/root/node_modules/@unrs/resolver-binding-linux-riscv64-musl' ]
55 verbose reify failed optional dependency /root/node_modules/@unrs/resolver-binding-linux-riscv64-gnu
56 silly reify mark deleted [ '/root/node_modules/@unrs/resolver-binding-linux-riscv64-gnu' ]
57 verbose reify failed optional dependency /root/node_modules/@unrs/resolver-binding-linux-ppc64-gnu
58 silly reify mark deleted [ '/root/node_modules/@unrs/resolver-binding-linux-ppc64-gnu' ]
59 verbose reify failed optional dependency /root/node_modules/@unrs/resolver-binding-linux-arm64-musl
60 silly reify mark deleted [ '/root/node_modules/@unrs/resolver-binding-linux-arm64-musl' ]
61 verbose reify failed optional dependency /root/node_modules/@unrs/resolver-binding-linux-arm64-gnu
62 silly reify mark deleted [ '/root/node_modules/@unrs/resolver-binding-linux-arm64-gnu' ]
63 verbose reify failed optional dependency /root/node_modules/@unrs/resolver-binding-linux-arm-musleabihf
64 silly reify mark deleted [ '/root/node_modules/@unrs/resolver-binding-linux-arm-musleabihf' ]
65 verbose reify failed optional dependency /root/node_modules/@unrs/resolver-binding-linux-arm-gnueabihf
66 silly reify mark deleted [ '/root/node_modules/@unrs/resolver-binding-linux-arm-gnueabihf' ]
67 verbose reify failed optional dependency /root/node_modules/@unrs/resolver-binding-freebsd-x64
68 silly reify mark deleted [ '/root/node_modules/@unrs/resolver-binding-freebsd-x64' ]
69 verbose reify failed optional dependency /root/node_modules/@unrs/resolver-binding-darwin-x64
70 silly reify mark deleted [ '/root/node_modules/@unrs/resolver-binding-darwin-x64' ]
71 verbose reify failed optional dependency /root/node_modules/@unrs/resolver-binding-darwin-arm64
72 silly reify mark deleted [ '/root/node_modules/@unrs/resolver-binding-darwin-arm64' ]
73 verbose reify failed optional dependency /root/node_modules/@unrs/resolver-binding-android-arm64
74 silly reify mark deleted [ '/root/node_modules/@unrs/resolver-binding-android-arm64' ]
75 verbose reify failed optional dependency /root/node_modules/@unrs/resolver-binding-android-arm-eabi
76 silly reify mark deleted [ '/root/node_modules/@unrs/resolver-binding-android-arm-eabi' ]
77 verbose reify failed optional dependency /root/node_modules/@tailwindcss/oxide-win32-x64-msvc
78 silly reify mark deleted [ '/root/node_modules/@tailwindcss/oxide-win32-x64-msvc' ]
79 verbose reify failed optional dependency /root/node_modules/@tailwindcss/oxide-win32-arm64-msvc
80 silly reify mark deleted [ '/root/node_modules/@tailwindcss/oxide-win32-arm64-msvc' ]
81 verbose reify failed optional dependency /root/node_modules/@tailwindcss/oxide-linux-arm64-musl
82 silly reify mark deleted [ '/root/node_modules/@tailwindcss/oxide-linux-arm64-musl' ]
83 verbose reify failed optional dependency /root/node_modules/@tailwindcss/oxide-linux-arm64-gnu
84 silly reify mark deleted [ '/root/node_modules/@tailwindcss/oxide-linux-arm64-gnu' ]
85 verbose reify failed optional dependency /root/node_modules/@tailwindcss/oxide-linux-arm-gnueabihf
86 silly reify mark deleted [ '/root/node_modules/@tailwindcss/oxide-linux-arm-gnueabihf' ]
87 verbose reify failed optional dependency /root/node_modules/@tailwindcss/oxide-freebsd-x64
88 silly reify mark deleted [ '/root/node_modules/@tailwindcss/oxide-freebsd-x64' ]
89 verbose reify failed optional dependency /root/node_modules/@tailwindcss/oxide-darwin-x64
90 silly reify mark deleted [ '/root/node_modules/@tailwindcss/oxide-darwin-x64' ]
91 verbose reify failed optional dependency /root/node_modules/@tailwindcss/oxide-darwin-arm64
92 silly reify mark deleted [ '/root/node_modules/@tailwindcss/oxide-darwin-arm64' ]
93 verbose reify failed optional dependency /root/node_modules/@tailwindcss/oxide-android-arm64
94 silly reify mark deleted [ '/root/node_modules/@tailwindcss/oxide-android-arm64' ]
95 verbose reify failed optional dependency /root/node_modules/@next/swc-win32-x64-msvc
96 silly reify mark deleted [ '/root/node_modules/@next/swc-win32-x64-msvc' ]
97 verbose reify failed optional dependency /root/node_modules/@next/swc-win32-arm64-msvc
98 silly reify mark deleted [ '/root/node_modules/@next/swc-win32-arm64-msvc' ]
99 verbose reify failed optional dependency /root/node_modules/@next/swc-linux-arm64-musl
100 silly reify mark deleted [ '/root/node_modules/@next/swc-linux-arm64-musl' ]
101 verbose reify failed optional dependency /root/node_modules/@next/swc-linux-arm64-gnu
102 silly reify mark deleted [ '/root/node_modules/@next/swc-linux-arm64-gnu' ]
103 verbose reify failed optional dependency /root/node_modules/@next/swc-darwin-x64
104 silly reify mark deleted [ '/root/node_modules/@next/swc-darwin-x64' ]
105 verbose reify failed optional dependency /root/node_modules/@next/swc-darwin-arm64
106 silly reify mark deleted [ '/root/node_modules/@next/swc-darwin-arm64' ]
107 verbose reify failed optional dependency /root/node_modules/@img/sharp-win32-x64
108 silly reify mark deleted [ '/root/node_modules/@img/sharp-win32-x64' ]
109 verbose reify failed optional dependency /root/node_modules/@img/sharp-win32-ia32
110 silly reify mark deleted [ '/root/node_modules/@img/sharp-win32-ia32' ]
111 verbose reify failed optional dependency /root/node_modules/@img/sharp-win32-arm64
112 silly reify mark deleted [ '/root/node_modules/@img/sharp-win32-arm64' ]
113 verbose reify failed optional dependency /root/node_modules/@img/sharp-wasm32
114 silly reify mark deleted [ '/root/node_modules/@img/sharp-wasm32' ]
115 verbose reify failed optional dependency /root/node_modules/@img/sharp-linuxmusl-arm64
116 silly reify mark deleted [ '/root/node_modules/@img/sharp-linuxmusl-arm64' ]
117 verbose reify failed optional dependency /root/node_modules/@img/sharp-linux-s390x
118 silly reify mark deleted [ '/root/node_modules/@img/sharp-linux-s390x' ]
119 verbose reify failed optional dependency /root/node_modules/@img/sharp-linux-ppc64
120 silly reify mark deleted [ '/root/node_modules/@img/sharp-linux-ppc64' ]
121 verbose reify failed optional dependency /root/node_modules/@img/sharp-linux-arm64
122 silly reify mark deleted [ '/root/node_modules/@img/sharp-linux-arm64' ]
123 verbose reify failed optional dependency /root/node_modules/@img/sharp-linux-arm
124 silly reify mark deleted [ '/root/node_modules/@img/sharp-linux-arm' ]
125 verbose reify failed optional dependency /root/node_modules/@img/sharp-libvips-linuxmusl-arm64
126 silly reify mark deleted [ '/root/node_modules/@img/sharp-libvips-linuxmusl-arm64' ]
127 verbose reify failed optional dependency /root/node_modules/@img/sharp-libvips-linux-s390x
128 silly reify mark deleted [ '/root/node_modules/@img/sharp-libvips-linux-s390x' ]
129 verbose reify failed optional dependency /root/node_modules/@img/sharp-libvips-linux-ppc64
130 silly reify mark deleted [ '/root/node_modules/@img/sharp-libvips-linux-ppc64' ]
131 verbose reify failed optional dependency /root/node_modules/@img/sharp-libvips-linux-arm64
132 silly reify mark deleted [ '/root/node_modules/@img/sharp-libvips-linux-arm64' ]
133 verbose reify failed optional dependency /root/node_modules/@img/sharp-libvips-linux-arm
134 silly reify mark deleted [ '/root/node_modules/@img/sharp-libvips-linux-arm' ]
135 verbose reify failed optional dependency /root/node_modules/@img/sharp-libvips-darwin-x64
136 silly reify mark deleted [ '/root/node_modules/@img/sharp-libvips-darwin-x64' ]
137 verbose reify failed optional dependency /root/node_modules/@img/sharp-libvips-darwin-arm64
138 silly reify mark deleted [ '/root/node_modules/@img/sharp-libvips-darwin-arm64' ]
139 verbose reify failed optional dependency /root/node_modules/@img/sharp-darwin-x64
140 silly reify mark deleted [ '/root/node_modules/@img/sharp-darwin-x64' ]
141 verbose reify failed optional dependency /root/node_modules/@img/sharp-darwin-arm64
142 silly reify mark deleted [ '/root/node_modules/@img/sharp-darwin-arm64' ]
143 http fetch POST 200 https://registry.npmjs.org/-/npm/v1/security/advisories/bulk 265ms
144 silly audit report {
144 silly audit report   next: [
144 silly audit report     {
144 silly audit report       id: 1105949,
144 silly audit report       url: 'https://github.com/advisories/GHSA-r2fc-ccr8-96c4',
144 silly audit report       title: 'Next.js has a Cache poisoning vulnerability due to omission of the Vary header',
144 silly audit report       severity: 'low',
144 silly audit report       vulnerable_versions: '>=15.3.0 <15.3.3',
144 silly audit report       cwe: [Array],
144 silly audit report       cvss: [Object]
144 silly audit report     }
144 silly audit report   ]
144 silly audit report }
145 silly packumentCache corgi:https://registry.npmjs.org/next cache-miss
146 http fetch GET 200 https://registry.npmjs.org/next 36ms (cache hit)
147 silly packumentCache corgi:https://registry.npmjs.org/next set size:21140849 disposed:false
148 silly ADD
149 silly ADD
150 silly ADD
151 silly ADD
152 silly ADD
153 silly ADD
154 silly ADD
155 silly ADD
156 silly ADD
157 silly ADD
158 silly ADD
159 silly ADD
160 silly ADD
161 silly ADD
162 silly ADD
163 silly ADD
164 silly ADD
165 silly ADD
166 silly ADD
167 silly ADD
168 silly ADD
169 silly ADD
170 silly ADD
171 silly ADD
172 silly ADD
173 silly ADD
174 silly ADD
175 silly ADD
176 silly ADD
177 silly ADD
178 silly ADD
179 silly ADD
180 silly ADD
181 silly ADD
182 silly ADD
183 silly ADD
184 silly ADD
185 silly ADD
186 silly ADD
187 silly ADD
188 silly ADD
189 silly ADD
190 silly ADD
191 silly ADD
192 silly ADD
193 silly ADD
194 silly ADD
195 silly ADD
196 silly ADD
197 silly ADD
198 silly ADD
199 silly ADD
200 silly ADD
201 silly ADD
202 silly ADD
203 silly ADD
204 silly ADD
205 silly ADD
206 silly ADD
207 verbose cwd /root
208 verbose os Linux 6.12.0-55.25.1.el10_0.x86_64
209 verbose node v20.19.4
210 verbose npm  v10.8.2
211 verbose exit 0
212 info ok
