0 verbose cli /usr/bin/node /usr/lib/node_modules/npm/bin/npm-cli.js
1 info using npm@10.8.2
2 info using node@v20.19.4
3 silly config load:file:/usr/lib/node_modules/npm/npmrc
4 silly config load:file:/root/.npmrc
5 silly config load:file:/usr/etc/npmrc
6 verbose title npm exec shadcn@latest add tooltip input
7 verbose argv "exec" "--" "shadcn@latest" "add" "tooltip" "input"
8 verbose logfile logs-max:10 dir:/root/.npm/_logs/2025-08-15T00_25_57_176Z-
9 verbose logfile /root/.npm/_logs/2025-08-15T00_25_57_176Z-debug-0.log
10 silly logfile start cleaning logs, removing 1 files
11 silly logfile done cleaning log files
12 silly packumentCache heap:2197815296 maxSize:549453824 maxEntrySize:274726912
13 http fetch GET 200 https://registry.npmjs.org/shadcn 247ms (cache revalidated)
14 silly packumentCache heap:2197815296 maxSize:549453824 maxEntrySize:274726912
15 silly packumentCache heap:2197815296 maxSize:549453824 maxEntrySize:274726912
16 verbose cwd /root
17 verbose os Linux 6.12.0-55.25.1.el10_0.x86_64
18 verbose node v20.19.4
19 verbose npm  v10.8.2
20 verbose exit 0
21 info ok
